INFO - 2024-04-26 22:15:46 --> Session: Class initialized using 'CodeIgniter\Session\Handlers\FileHandler' driver.
INFO - 2024-04-26 22:15:47 --> Session: Class initialized using 'CodeIgniter\Session\Handlers\FileHandler' driver.
INFO - 2024-04-26 22:15:49 --> Session: Class initialized using 'CodeIgniter\Session\Handlers\FileHandler' driver.
INFO - 2024-04-26 22:18:10 --> Session: Class initialized using 'CodeIgniter\Session\Handlers\FileHandler' driver.
INFO - 2024-04-26 22:18:12 --> Session: Class initialized using 'CodeIgniter\Session\Handlers\FileHandler' driver.
INFO - 2024-04-26 22:19:18 --> Session: Class initialized using 'CodeIgniter\Session\Handlers\FileHandler' driver.
INFO - 2024-04-26 22:19:21 --> Session: Class initialized using 'CodeIgniter\Session\Handlers\FileHandler' driver.
INFO - 2024-04-26 22:19:39 --> Session: Class initialized using 'CodeIgniter\Session\Handlers\FileHandler' driver.
ERROR - 2024-04-26 22:19:39 --> Error connecting to the database: mysqli_sql_exception: Access denied for user ''@'localhost' (using password: NO) in C:\xampp\htdocs\ci4\ci4_447\system\Database\MySQLi\Connection.php:185
Stack trace:
#0 C:\xampp\htdocs\ci4\ci4_447\system\Database\MySQLi\Connection.php(185): mysqli->real_connect('localhost', '', '', '', 3306, '', 0)
#1 C:\xampp\htdocs\ci4\ci4_447\system\Database\BaseConnection.php(392): CodeIgniter\Database\MySQLi\Connection->connect(false)
#2 C:\xampp\htdocs\ci4\ci4_447\system\Database\BaseConnection.php(575): CodeIgniter\Database\BaseConnection->initialize()
#3 C:\xampp\htdocs\ci4\ci4_447\system\Database\BaseBuilder.php(1616): CodeIgniter\Database\BaseConnection->query('SELECT 1\nFROM `...', Array, false)
#4 C:\xampp\htdocs\ci4\ci4_447\system\Validation\StrictRules\Rules.php(167): CodeIgniter\Database\BaseBuilder->get()
#5 C:\xampp\htdocs\ci4\ci4_447\system\Validation\Validation.php(328): CodeIgniter\Validation\StrictRules\Rules->is_not_unique('admin@admin.com', 'email', Array, NULL, 'email')
#6 C:\xampp\htdocs\ci4\ci4_447\system\Validation\Validation.php(200): CodeIgniter\Validation\Validation->processRules('email', 'email', 'admin@admin.com', Array, Array)
#7 C:\xampp\htdocs\ci4\ci4_447\system\Controller.php(154): CodeIgniter\Validation\Validation->run()
#8 C:\xampp\htdocs\ci4\ci4_447\app\Controllers\Home.php(26): CodeIgniter\Controller->validate(Array)
#9 C:\xampp\htdocs\ci4\ci4_447\system\CodeIgniter.php(943): App\Controllers\Home->formsubmit()
#10 C:\xampp\htdocs\ci4\ci4_447\system\CodeIgniter.php(503): CodeIgniter\CodeIgniter->runController(Object(App\Controllers\Home))
#11 C:\xampp\htdocs\ci4\ci4_447\system\CodeIgniter.php(361): CodeIgniter\CodeIgniter->handleRequest(NULL, Object(Config\Cache), false)
#12 C:\xampp\htdocs\ci4\ci4_447\index.php(79): CodeIgniter\CodeIgniter->run()
#13 {main}

Next CodeIgniter\Database\Exceptions\DatabaseException: Access denied for user ''@'localhost' (using password: NO) in C:\xampp\htdocs\ci4\ci4_447\system\Database\MySQLi\Connection.php:229
Stack trace:
#0 C:\xampp\htdocs\ci4\ci4_447\system\Database\BaseConnection.php(392): CodeIgniter\Database\MySQLi\Connection->connect(false)
#1 C:\xampp\htdocs\ci4\ci4_447\system\Database\BaseConnection.php(575): CodeIgniter\Database\BaseConnection->initialize()
#2 C:\xampp\htdocs\ci4\ci4_447\system\Database\BaseBuilder.php(1616): CodeIgniter\Database\BaseConnection->query('SELECT 1\nFROM `...', Array, false)
#3 C:\xampp\htdocs\ci4\ci4_447\system\Validation\StrictRules\Rules.php(167): CodeIgniter\Database\BaseBuilder->get()
#4 C:\xampp\htdocs\ci4\ci4_447\system\Validation\Validation.php(328): CodeIgniter\Validation\StrictRules\Rules->is_not_unique('admin@admin.com', 'email', Array, NULL, 'email')
#5 C:\xampp\htdocs\ci4\ci4_447\system\Validation\Validation.php(200): CodeIgniter\Validation\Validation->processRules('email', 'email', 'admin@admin.com', Array, Array)
#6 C:\xampp\htdocs\ci4\ci4_447\system\Controller.php(154): CodeIgniter\Validation\Validation->run()
#7 C:\xampp\htdocs\ci4\ci4_447\app\Controllers\Home.php(26): CodeIgniter\Controller->validate(Array)
#8 C:\xampp\htdocs\ci4\ci4_447\system\CodeIgniter.php(943): App\Controllers\Home->formsubmit()
#9 C:\xampp\htdocs\ci4\ci4_447\system\CodeIgniter.php(503): CodeIgniter\CodeIgniter->runController(Object(App\Controllers\Home))
#10 C:\xampp\htdocs\ci4\ci4_447\system\CodeIgniter.php(361): CodeIgniter\CodeIgniter->handleRequest(NULL, Object(Config\Cache), false)
#11 C:\xampp\htdocs\ci4\ci4_447\index.php(79): CodeIgniter\CodeIgniter->run()
#12 {main}
CRITICAL - 2024-04-26 22:19:39 --> CodeIgniter\Database\Exceptions\DatabaseException: Unable to connect to the database.
Main connection [MySQLi]: Access denied for user ''@'localhost' (using password: NO)
in SYSTEMPATH\Database\BaseConnection.php on line 428.
 1 SYSTEMPATH\Database\BaseConnection.php(575): CodeIgniter\Database\BaseConnection->initialize()
 2 SYSTEMPATH\Database\BaseBuilder.php(1616): CodeIgniter\Database\BaseConnection->query('SELECT 1
FROM `tbl_admin`
WHERE `email` = :email:
 LIMIT 1', [...], false)
 3 SYSTEMPATH\Validation\StrictRules\Rules.php(167): CodeIgniter\Database\BaseBuilder->get()
 4 SYSTEMPATH\Validation\Validation.php(328): CodeIgniter\Validation\StrictRules\Rules->is_not_unique('admin@admin.com', 'email', [...], null, 'email')
 5 SYSTEMPATH\Validation\Validation.php(200): CodeIgniter\Validation\Validation->processRules('email', 'email', 'admin@admin.com', [...], [...])
 6 SYSTEMPATH\Controller.php(154): CodeIgniter\Validation\Validation->run()
 7 APPPATH\Controllers\Home.php(26): CodeIgniter\Controller->validate([...])
 8 SYSTEMPATH\CodeIgniter.php(943): App\Controllers\Home->formsubmit()
 9 SYSTEMPATH\CodeIgniter.php(503): CodeIgniter\CodeIgniter->runController(Object(App\Controllers\Home))
10 SYSTEMPATH\CodeIgniter.php(361): CodeIgniter\CodeIgniter->handleRequest(null, Object(Config\Cache), false)
11 FCPATH\index.php(79): CodeIgniter\CodeIgniter->run()
INFO - 2024-04-26 22:22:09 --> Session: Class initialized using 'CodeIgniter\Session\Handlers\FileHandler' driver.
INFO - 2024-04-26 22:23:23 --> Session: Class initialized using 'CodeIgniter\Session\Handlers\FileHandler' driver.
INFO - 2024-04-26 22:23:33 --> Session: Class initialized using 'CodeIgniter\Session\Handlers\FileHandler' driver.
INFO - 2024-04-26 22:23:35 --> Session: Class initialized using 'CodeIgniter\Session\Handlers\FileHandler' driver.
INFO - 2024-04-26 22:23:40 --> Session: Class initialized using 'CodeIgniter\Session\Handlers\FileHandler' driver.
INFO - 2024-04-26 22:29:24 --> Session: Class initialized using 'CodeIgniter\Session\Handlers\FileHandler' driver.
INFO - 2024-04-26 23:20:31 --> Session: Class initialized using 'CodeIgniter\Session\Handlers\FileHandler' driver.
INFO - 2024-04-26 23:20:34 --> Session: Class initialized using 'CodeIgniter\Session\Handlers\FileHandler' driver.
INFO - 2024-04-26 23:20:34 --> CSRF token verified.
INFO - 2024-04-26 23:23:51 --> Session: Class initialized using 'CodeIgniter\Session\Handlers\FileHandler' driver.
CRITICAL - 2024-04-26 23:23:51 --> CodeIgniter\Security\Exceptions\SecurityException: The action you requested is not allowed.
in SYSTEMPATH\Security\Security.php on line 300.
 1 SYSTEMPATH\Security\Security.php(300): CodeIgniter\Security\Exceptions\SecurityException::forDisallowedAction()
 2 SYSTEMPATH\Filters\CSRF.php(56): CodeIgniter\Security\Security->verify(Object(CodeIgniter\HTTP\IncomingRequest))
 3 SYSTEMPATH\Filters\Filters.php(184): CodeIgniter\Filters\CSRF->before(Object(CodeIgniter\HTTP\IncomingRequest), null)
 4 SYSTEMPATH\CodeIgniter.php(475): CodeIgniter\Filters\Filters->run('hamid', 'before')
 5 SYSTEMPATH\CodeIgniter.php(361): CodeIgniter\CodeIgniter->handleRequest(null, Object(Config\Cache), false)
 6 FCPATH\index.php(79): CodeIgniter\CodeIgniter->run()
INFO - 2024-04-26 23:25:03 --> Session: Class initialized using 'CodeIgniter\Session\Handlers\FileHandler' driver.
CRITICAL - 2024-04-26 23:25:03 --> CodeIgniter\Security\Exceptions\SecurityException: The action you requested is not allowed.
in SYSTEMPATH\Security\Security.php on line 300.
 1 SYSTEMPATH\Security\Security.php(300): CodeIgniter\Security\Exceptions\SecurityException::forDisallowedAction()
 2 SYSTEMPATH\Filters\CSRF.php(56): CodeIgniter\Security\Security->verify(Object(CodeIgniter\HTTP\IncomingRequest))
 3 SYSTEMPATH\Filters\Filters.php(184): CodeIgniter\Filters\CSRF->before(Object(CodeIgniter\HTTP\IncomingRequest), null)
 4 SYSTEMPATH\CodeIgniter.php(475): CodeIgniter\Filters\Filters->run('hamid', 'before')
 5 SYSTEMPATH\CodeIgniter.php(361): CodeIgniter\CodeIgniter->handleRequest(null, Object(Config\Cache), false)
 6 FCPATH\index.php(79): CodeIgniter\CodeIgniter->run()
INFO - 2024-04-26 23:25:06 --> Session: Class initialized using 'CodeIgniter\Session\Handlers\FileHandler' driver.
INFO - 2024-04-26 23:25:08 --> Session: Class initialized using 'CodeIgniter\Session\Handlers\FileHandler' driver.
INFO - 2024-04-26 23:25:08 --> CSRF token verified.
INFO - 2024-04-26 23:25:13 --> Session: Class initialized using 'CodeIgniter\Session\Handlers\FileHandler' driver.
CRITICAL - 2024-04-26 23:25:13 --> CodeIgniter\Security\Exceptions\SecurityException: The action you requested is not allowed.
in SYSTEMPATH\Security\Security.php on line 300.
 1 SYSTEMPATH\Security\Security.php(300): CodeIgniter\Security\Exceptions\SecurityException::forDisallowedAction()
 2 SYSTEMPATH\Filters\CSRF.php(56): CodeIgniter\Security\Security->verify(Object(CodeIgniter\HTTP\IncomingRequest))
 3 SYSTEMPATH\Filters\Filters.php(184): CodeIgniter\Filters\CSRF->before(Object(CodeIgniter\HTTP\IncomingRequest), null)
 4 SYSTEMPATH\CodeIgniter.php(475): CodeIgniter\Filters\Filters->run('hamid', 'before')
 5 SYSTEMPATH\CodeIgniter.php(361): CodeIgniter\CodeIgniter->handleRequest(null, Object(Config\Cache), false)
 6 FCPATH\index.php(79): CodeIgniter\CodeIgniter->run()
INFO - 2024-04-26 23:27:44 --> Session: Class initialized using 'CodeIgniter\Session\Handlers\FileHandler' driver.
INFO - 2024-04-26 23:27:45 --> Session: Class initialized using 'CodeIgniter\Session\Handlers\FileHandler' driver.
INFO - 2024-04-26 23:27:45 --> CSRF token verified.
INFO - 2024-04-26 23:27:46 --> Session: Class initialized using 'CodeIgniter\Session\Handlers\FileHandler' driver.
INFO - 2024-04-26 23:27:46 --> CSRF token verified.
INFO - 2024-04-26 23:27:48 --> Session: Class initialized using 'CodeIgniter\Session\Handlers\FileHandler' driver.
INFO - 2024-04-26 23:27:48 --> CSRF token verified.
INFO - 2024-04-26 23:27:51 --> Session: Class initialized using 'CodeIgniter\Session\Handlers\FileHandler' driver.
INFO - 2024-04-26 23:27:51 --> CSRF token verified.
INFO - 2024-04-26 23:28:10 --> Session: Class initialized using 'CodeIgniter\Session\Handlers\FileHandler' driver.
INFO - 2024-04-26 23:28:11 --> Session: Class initialized using 'CodeIgniter\Session\Handlers\FileHandler' driver.
INFO - 2024-04-26 23:28:11 --> CSRF token verified.
INFO - 2024-04-26 23:28:13 --> Session: Class initialized using 'CodeIgniter\Session\Handlers\FileHandler' driver.
INFO - 2024-04-26 23:28:13 --> CSRF token verified.
INFO - 2024-04-26 23:30:46 --> Session: Class initialized using 'CodeIgniter\Session\Handlers\FileHandler' driver.
INFO - 2024-04-26 23:30:46 --> Session: Class initialized using 'CodeIgniter\Session\Handlers\FileHandler' driver.
INFO - 2024-04-26 23:30:51 --> Session: Class initialized using 'CodeIgniter\Session\Handlers\FileHandler' driver.
INFO - 2024-04-26 23:30:51 --> CSRF token verified.
INFO - 2024-04-26 23:30:54 --> Session: Class initialized using 'CodeIgniter\Session\Handlers\FileHandler' driver.
INFO - 2024-04-26 23:30:55 --> Session: Class initialized using 'CodeIgniter\Session\Handlers\FileHandler' driver.
INFO - 2024-04-26 23:31:48 --> Session: Class initialized using 'CodeIgniter\Session\Handlers\FileHandler' driver.
INFO - 2024-04-26 23:31:48 --> CSRF token verified.
INFO - 2024-04-26 23:33:35 --> Session: Class initialized using 'CodeIgniter\Session\Handlers\FileHandler' driver.
INFO - 2024-04-26 23:38:05 --> Session: Class initialized using 'CodeIgniter\Session\Handlers\FileHandler' driver.
INFO - 2024-04-26 23:38:07 --> Session: Class initialized using 'CodeIgniter\Session\Handlers\FileHandler' driver.
INFO - 2024-04-26 23:38:07 --> CSRF token verified.
INFO - 2024-04-26 23:38:12 --> Session: Class initialized using 'CodeIgniter\Session\Handlers\FileHandler' driver.
INFO - 2024-04-26 23:38:12 --> CSRF token verified.
INFO - 2024-04-26 23:38:12 --> Session: Class initialized using 'CodeIgniter\Session\Handlers\FileHandler' driver.
CRITICAL - 2024-04-26 23:38:13 --> CodeIgniter\View\Exceptions\ViewException: Invalid file: "admin/dashboard.php"
in SYSTEMPATH\Exceptions\FrameworkException.php on line 39.
 1 SYSTEMPATH\View\View.php(216): CodeIgniter\Exceptions\FrameworkException::forInvalidFile('admin/dashboard.php')
 2 SYSTEMPATH\Common.php(1178): CodeIgniter\View\View->render('admin/dashboard', [], true)
 3 APPPATH\Controllers\Admin.php(19): view('admin/dashboard', [...])
 4 SYSTEMPATH\CodeIgniter.php(943): App\Controllers\Admin->index()
 5 SYSTEMPATH\CodeIgniter.php(503): CodeIgniter\CodeIgniter->runController(Object(App\Controllers\Admin))
 6 SYSTEMPATH\CodeIgniter.php(361): CodeIgniter\CodeIgniter->handleRequest(null, Object(Config\Cache), false)
 7 FCPATH\index.php(79): CodeIgniter\CodeIgniter->run()
INFO - 2024-04-26 23:38:31 --> Session: Class initialized using 'CodeIgniter\Session\Handlers\FileHandler' driver.
INFO - 2024-04-26 23:38:31 --> Session: Class initialized using 'CodeIgniter\Session\Handlers\FileHandler' driver.
INFO - 2024-04-26 23:38:55 --> Session: Class initialized using 'CodeIgniter\Session\Handlers\FileHandler' driver.
INFO - 2024-04-26 23:38:55 --> CSRF token verified.
INFO - 2024-04-26 23:38:56 --> Session: Class initialized using 'CodeIgniter\Session\Handlers\FileHandler' driver.
INFO - 2024-04-26 23:40:01 --> Session: Class initialized using 'CodeIgniter\Session\Handlers\FileHandler' driver.
INFO - 2024-04-26 23:40:12 --> Session: Class initialized using 'CodeIgniter\Session\Handlers\FileHandler' driver.
INFO - 2024-04-26 23:40:12 --> CSRF token verified.
INFO - 2024-04-26 23:40:12 --> Session: Class initialized using 'CodeIgniter\Session\Handlers\FileHandler' driver.
INFO - 2024-04-26 23:40:24 --> Session: Class initialized using 'CodeIgniter\Session\Handlers\FileHandler' driver.
INFO - 2024-04-26 23:40:24 --> CSRF token verified.
INFO - 2024-04-26 23:40:24 --> Session: Class initialized using 'CodeIgniter\Session\Handlers\FileHandler' driver.
CRITICAL - 2024-04-26 23:40:24 --> CodeIgniter\View\Exceptions\ViewException: Invalid file: "admin/dashboard.php"
in SYSTEMPATH\Exceptions\FrameworkException.php on line 39.
 1 SYSTEMPATH\View\View.php(216): CodeIgniter\Exceptions\FrameworkException::forInvalidFile('admin/dashboard.php')
 2 SYSTEMPATH\Common.php(1178): CodeIgniter\View\View->render('admin/dashboard', [], true)
 3 APPPATH\Controllers\Admin.php(19): view('admin/dashboard', [...])
 4 SYSTEMPATH\CodeIgniter.php(943): App\Controllers\Admin->index()
 5 SYSTEMPATH\CodeIgniter.php(503): CodeIgniter\CodeIgniter->runController(Object(App\Controllers\Admin))
 6 SYSTEMPATH\CodeIgniter.php(361): CodeIgniter\CodeIgniter->handleRequest(null, Object(Config\Cache), false)
 7 FCPATH\index.php(79): CodeIgniter\CodeIgniter->run()
INFO - 2024-04-26 23:40:31 --> Session: Class initialized using 'CodeIgniter\Session\Handlers\FileHandler' driver.
INFO - 2024-04-26 23:40:31 --> Session: Class initialized using 'CodeIgniter\Session\Handlers\FileHandler' driver.
INFO - 2024-04-26 23:40:43 --> Session: Class initialized using 'CodeIgniter\Session\Handlers\FileHandler' driver.
