CRITICAL - 2024-04-02 16:55:44 --> ErrorException: Undefined property: App\Controllers\Home::$paypal_lib
in APPPATH\Controllers\Home.php on line 23.
 1 APPPATH\Controllers\Home.php(23): CodeIgniter\Debug\Exceptions->errorHandler(2, 'Undefined property: App\\Controllers\\Home::$paypal_lib', 'C:\\xampp\\htdocs\\ci4\\ci4_447\\app\\Controllers\\Home.php', 23)
 2 SYSTEMPATH\CodeIgniter.php(943): App\Controllers\Home->checkout()
 3 SYSTEMPATH\CodeIgniter.php(503): CodeIgniter\CodeIgniter->runController(Object(App\Controllers\Home))
 4 SYSTEMPATH\CodeIgniter.php(361): CodeIgniter\CodeIgniter->handleRequest(null, Object(Config\Cache), false)
 5 FCPATH\index.php(79): CodeIgniter\CodeIgniter->run()
CRITICAL - 2024-04-02 16:56:37 --> ErrorException: Undefined property: App\Controllers\Home::$paypal_lib
in APPPATH\Controllers\Home.php on line 23.
 1 APPPATH\Controllers\Home.php(23): CodeIgniter\Debug\Exceptions->errorHandler(2, 'Undefined property: App\\Controllers\\Home::$paypal_lib', 'C:\\xampp\\htdocs\\ci4\\ci4_447\\app\\Controllers\\Home.php', 23)
 2 SYSTEMPATH\CodeIgniter.php(943): App\Controllers\Home->checkout()
 3 SYSTEMPATH\CodeIgniter.php(503): CodeIgniter\CodeIgniter->runController(Object(App\Controllers\Home))
 4 SYSTEMPATH\CodeIgniter.php(361): CodeIgniter\CodeIgniter->handleRequest(null, Object(Config\Cache), false)
 5 FCPATH\index.php(79): CodeIgniter\CodeIgniter->run()
CRITICAL - 2024-04-02 16:57:37 --> ErrorException: Undefined property: App\Controllers\Home::$paypal_lib
in APPPATH\Controllers\Home.php on line 23.
 1 APPPATH\Controllers\Home.php(23): CodeIgniter\Debug\Exceptions->errorHandler(2, 'Undefined property: App\\Controllers\\Home::$paypal_lib', 'C:\\xampp\\htdocs\\ci4\\ci4_447\\app\\Controllers\\Home.php', 23)
 2 SYSTEMPATH\CodeIgniter.php(943): App\Controllers\Home->checkout()
 3 SYSTEMPATH\CodeIgniter.php(503): CodeIgniter\CodeIgniter->runController(Object(App\Controllers\Home))
 4 SYSTEMPATH\CodeIgniter.php(361): CodeIgniter\CodeIgniter->handleRequest(null, Object(Config\Cache), false)
 5 FCPATH\index.php(79): CodeIgniter\CodeIgniter->run()
CRITICAL - 2024-04-02 22:29:34 --> Error: Undefined constant "Config\PAYAPAL_ID"
in APPPATH\Libraries\Paypal_lib.php on line 71.
 1 APPPATH\Controllers\Home.php(13): App\Libraries\paypal_lib->__construct()
 2 SYSTEMPATH\CodeIgniter.php(915): App\Controllers\Home->__construct()
 3 SYSTEMPATH\CodeIgniter.php(494): CodeIgniter\CodeIgniter->createController()
 4 SYSTEMPATH\CodeIgniter.php(361): CodeIgniter\CodeIgniter->handleRequest(null, Object(Config\Cache), false)
 5 FCPATH\index.php(79): CodeIgniter\CodeIgniter->run()
